C:\PROJECTS\DATACONTROL\DATACONTROL\DEBUG\.NETFRAMEWORK,VERSION=V4.0.ASSEMBLYATTRIBUTES.OBJ
C:\PROJECTS\DATACONTROL\DATACONTROL\DEBUG\ASSEMBLYINFO.OBJ
C:\Projects\DataControl\DataControl\Debug\cl.command.1.tlog
C:\Projects\DataControl\DataControl\Debug\CL.read.1.tlog
C:\Projects\DataControl\DataControl\Debug\CL.write.1.tlog
C:\PROJECTS\DATACONTROL\DATACONTROL\DEBUG\DATAACCESSCTRL.OBJ
C:\PROJECTS\DATACONTROL\DATACONTROL\DEBUG\DATAACCESSMDL.OBJ
C:\PROJECTS\DATACONTROL\DATACONTROL\DEBUG\DATACONTROL.EXE.INTERMEDIATE.MANIFEST
C:\PROJECTS\DATACONTROL\DATACONTROL\DEBUG\DATACONTROL.FORM1.RESOURCES
C:\PROJECTS\DATACONTROL\DATACONTROL\DEBUG\DATACONTROL.OBJ
C:\PROJECTS\DATACONTROL\DATACONTROL\DEBUG\DATACONTROL.PCH
C:\Projects\DataControl\DataControl\Debug\DataControl.vcxproj.ResolveComReference.cache
C:\Projects\DataControl\DataControl\Debug\DataControl.write.1.tlog
C:\Projects\DataControl\DataControl\Debug\GenerateResource.read.1.tlog
C:\Projects\DataControl\DataControl\Debug\GenerateResource.write.1.tlog
C:\Projects\DataControl\DataControl\Debug\link.3836.read.1.tlog
C:\Projects\DataControl\DataControl\Debug\link.3836.write.1.tlog
C:\Projects\DataControl\DataControl\Debug\link.command.1.tlog
C:\Projects\DataControl\DataControl\Debug\link.read.1.tlog
C:\Projects\DataControl\DataControl\Debug\link.write.1.tlog
C:\Projects\DataControl\DataControl\Debug\mt.command.1.tlog
C:\Projects\DataControl\DataControl\Debug\mt.read.1.tlog
C:\Projects\DataControl\DataControl\Debug\mt.write.1.tlog
C:\PROJECTS\DATACONTROL\DATACONTROL\DEBUG\STDAFX.OBJ
C:\PROJECTS\DATACONTROL\DATACONTROL\DEBUG\VC100.PDB
C:\PROJECTS\DATACONTROL\DEBUG\DATACONTROL.EXE
C:\PROJECTS\DATACONTROL\DEBUG\DATACONTROL.ILK
C:\PROJECTS\DATACONTROL\DEBUG\DATACONTROL.PDB
